[17:21:12] [main/WARN]: Ambiguity between arguments [teleport, destination] and [teleport, targets] with inputs: [Player, 0123, @e, dd12be42-52a9-4a91-a8a1-11c01849e498]
[17:21:12] [main/WARN]: Ambiguity between arguments [teleport, location] and [teleport, destination] with inputs: [0.1 -0.5 .9, 0 0 0]
[17:21:12] [main/WARN]: Ambiguity between arguments [teleport, location] and [teleport, targets] with inputs: [0.1 -0.5 .9, 0 0 0]
[17:21:12] [main/WARN]: Ambiguity between arguments [teleport, targets] and [teleport, destination] with inputs: [Player, 0123, dd12be42-52a9-4a91-a8a1-11c01849e498]
[17:21:12] [main/WARN]: Ambiguity between arguments [teleport, targets, location] and [teleport, targets, destination] with inputs: [0.1 -0.5 .9, 0 0 0]
[17:21:12] [Server thread/INFO]: Starting minecraft server version 1.14.4
[17:21:12] [Server thread/INFO]: Loading properties
[17:21:12] [Server thread/INFO]: Default game type: SURVIVAL
[17:21:12] [Server thread/INFO]: Generating keypair
[17:21:12] [Server thread/INFO]: Starting Minecraft server on *:25565
[17:21:12] [Server thread/INFO]: Using epoll channel type
[17:21:13] [Server thread/WARN]: **** SERVER IS RUNNING IN OFFLINE/INSECURE MODE!
[17:21:13] [Server thread/WARN]: The server will make no attempt to authenticate usernames. Beware.
[17:21:13] [Server thread/WARN]: While this makes the game possible to play without internet access, it also opens up the ability for hackers to connect with any username they choose.
[17:21:13] [Server thread/WARN]: To change this, set "online-mode" to "true" in the server.properties file.
[17:21:13] [Server thread/INFO]: Preparing level "world"
[17:21:13] [Server thread/INFO]: Reloading ResourceManager: Default
[17:21:13] [Server thread/INFO]: Loaded 6 recipes
[17:21:13] [Server thread/INFO]: Loaded 811 advancements
[17:21:14] [Server thread/INFO]: Preparing start region for dimension minecraft:overworld
[17:21:14] [Server thread/INFO]: Preparing spawn area: 0%
[17:21:14] [Server thread/INFO]: Preparing spawn area: 0%
[17:21:14] [Server thread/INFO]: Time elapsed: 788 ms
[17:21:14] [Server thread/INFO]: Done (1.820s)! For help, type "help"
[17:21:15] [Server thread/INFO]: expsample[/192.168.86.43:50552] logged in with entity id 226 at (-177.30120441296177, 69.0, -296.9163878565058)
[17:21:15] [Server thread/INFO]: expsample joined the game
[17:21:18] [Server thread/INFO]: expsample2[/192.168.86.53:4037] logged in with entity id 246 at (-178.3753975220802, 69.0, -295.621006481091)
[17:21:18] [Server thread/INFO]: expsample2 joined the game
[17:21:46] [Server thread/INFO]: expsample has made the advancement [We Need to Go Deeper]
[17:21:50] [Server thread/INFO]: expsample2 has made the advancement [We Need to Go Deeper]
[17:22:20] [Server thread/INFO]: expsample2 lost connection: Disconnected
[17:22:20] [Server thread/INFO]: expsample2 left the game
[17:22:22] [Server thread/INFO]: expsample lost connection: Disconnected
[17:22:22] [Server thread/INFO]: expsample left the game
