[19:14:42] [main/WARN]: Ambiguity between arguments [teleport, destination] and [teleport, targets] with inputs: [Player, 0123, @e, dd12be42-52a9-4a91-a8a1-11c01849e498]
[19:14:42] [main/WARN]: Ambiguity between arguments [teleport, location] and [teleport, destination] with inputs: [0.1 -0.5 .9, 0 0 0]
[19:14:42] [main/WARN]: Ambiguity between arguments [teleport, location] and [teleport, targets] with inputs: [0.1 -0.5 .9, 0 0 0]
[19:14:42] [main/WARN]: Ambiguity between arguments [teleport, targets] and [teleport, destination] with inputs: [Player, 0123, dd12be42-52a9-4a91-a8a1-11c01849e498]
[19:14:42] [main/WARN]: Ambiguity between arguments [teleport, targets, location] and [teleport, targets, destination] with inputs: [0.1 -0.5 .9, 0 0 0]
[19:14:42] [main/INFO]: Loaded 0 recipes
[19:14:42] [main/INFO]: Loaded 0 advancements
[19:14:42] [Server thread/INFO]: Starting minecraft server version 1.13
[19:14:42] [Server thread/INFO]: Loading properties
[19:14:42] [Server thread/INFO]: Default game type: CREATIVE
[19:14:42] [Server thread/INFO]: Generating keypair
[19:14:42] [Server thread/INFO]: Starting Minecraft server on *:25565
[19:14:42] [Server thread/INFO]: Using default channel type
[19:14:42] [Server thread/WARN]: **** SERVER IS RUNNING IN OFFLINE/INSECURE MODE!
[19:14:42] [Server thread/WARN]: The server will make no attempt to authenticate usernames. Beware.
[19:14:42] [Server thread/WARN]: While this makes the game possible to play without internet access, it also opens up the ability for hackers to connect with any username they choose.
[19:14:42] [Server thread/WARN]: To change this, set "online-mode" to "true" in the server.properties file.
[19:14:42] [Server thread/INFO]: Preparing level "world"
[19:14:42] [Server thread/INFO]: Found new data pack vanilla, loading it automatically
[19:14:42] [Server thread/INFO]: Reloading ResourceManager: Default
[19:14:43] [Server thread/INFO]: Loaded 524 recipes
[19:14:44] [Server thread/INFO]: Loaded 571 advancements
[19:14:47] [Server thread/INFO]: Preparing start region for level 0
[19:14:48] [Server thread/INFO]: Preparing spawn area: 0%
[19:14:49] [Server thread/INFO]: Preparing spawn area: 0%
[19:14:50] [Server thread/INFO]: Preparing spawn area: 0%
[19:14:51] [Server thread/INFO]: Preparing spawn area: 0%
[19:14:51] [Server thread/INFO]: Preparing spawn area: 4%
[19:14:52] [Server thread/INFO]: Preparing spawn area: 8%
[19:14:52] [Server thread/INFO]: Preparing spawn area: 12%
[19:14:52] [Server thread/INFO]: Preparing spawn area: 16%
[19:14:53] [Server thread/INFO]: Preparing spawn area: 20%
[19:14:53] [Server thread/INFO]: Preparing spawn area: 24%
[19:14:53] [Server thread/INFO]: Preparing spawn area: 28%
[19:14:54] [Server thread/INFO]: Preparing spawn area: 32%
[19:14:54] [Server thread/INFO]: Preparing spawn area: 36%
[19:14:54] [Server thread/INFO]: Preparing spawn area: 40%
[19:14:55] [Server thread/INFO]: Preparing spawn area: 44%
[19:14:55] [Server thread/INFO]: Preparing spawn area: 48%
[19:14:55] [Server thread/INFO]: Preparing spawn area: 52%
[19:14:56] [Server thread/INFO]: Preparing spawn area: 56%
[19:14:56] [Server thread/INFO]: Preparing spawn area: 60%
[19:14:56] [Server thread/INFO]: Preparing spawn area: 64%
[19:14:57] [Server thread/INFO]: Preparing spawn area: 68%
[19:14:57] [Server thread/INFO]: Preparing spawn area: 72%
[19:14:57] [Server thread/INFO]: Preparing spawn area: 76%
[19:14:58] [Server thread/INFO]: Preparing spawn area: 80%
[19:14:58] [Server thread/INFO]: Preparing spawn area: 84%
[19:14:58] [Server thread/INFO]: Preparing spawn area: 88%
[19:14:59] [Server thread/INFO]: Preparing spawn area: 92%
[19:14:59] [Server thread/INFO]: Preparing spawn area: 96%
[19:14:59] [Server thread/INFO]: Preparing spawn area: 100%
[19:14:59] [Server thread/INFO]: Time elapsed: 12248 ms
[19:14:59] [Server thread/INFO]: Done (17.135s)! For help, type "help"
[19:15:09] [Server thread/INFO]: expsample[/192.168.0.7:3718] logged in with entity id 485 at (199.5, 79.0, -181.5)
[19:15:09] [Server thread/INFO]: expsample joined the game
[19:21:46] [Server thread/INFO]: expsample2[/192.168.0.6:54804] logged in with entity id 7981 at (195.5, 79.0, -181.5)
[19:21:46] [Server thread/INFO]: expsample2 joined the game
[19:26:55] [Server thread/WARN]: Can't keep up! Is the server overloaded? Running 2714ms or 54 ticks behind
[19:26:55] [Server thread/WARN]: expsample moved too quickly! -9.662699427728512,-3.9387245965748434,1.4777450975511908
[19:28:40] [Server thread/WARN]: Can't keep up! Is the server overloaded? Running 2039ms or 40 ticks behind
[19:30:47] [Server thread/WARN]: expsample2 moved too quickly! 0.04896606272086501,0.0,10.29446657528581
[19:30:47] [Server thread/WARN]: expsample moved too quickly! -5.7576763687502535,0.931736696277838,8.591361380659691
[19:30:47] [Server thread/WARN]: Can't keep up! Is the server overloaded? Running 2038ms or 40 ticks behind
[19:36:54] [Server thread/INFO]: <expsample> teleport expsample2
[19:37:40] [Server thread/INFO]: <expsample> teleport
[19:42:09] [Server thread/WARN]: Can't keep up! Is the server overloaded? Running 2003ms or 40 ticks behind
[19:42:42] [Server thread/WARN]: Can't keep up! Is the server overloaded? Running 2021ms or 40 ticks behind
[19:44:45] [Server thread/WARN]: Can't keep up! Is the server overloaded? Running 2051ms or 41 ticks behind
[19:59:26] [Server thread/INFO]: expsample lost connection: Disconnected
[19:59:26] [Server thread/INFO]: expsample left the game
[19:59:35] [Server Shutdown Thread/INFO]: Stopping server
[19:59:35] [Server Shutdown Thread/INFO]: Saving players
