[15:26:59] [main/WARN]: Ambiguity between arguments [teleport, destination] and [teleport, targets] with inputs: [Player, 0123, @e, dd12be42-52a9-4a91-a8a1-11c01849e498]
[15:26:59] [main/WARN]: Ambiguity between arguments [teleport, location] and [teleport, destination] with inputs: [0.1 -0.5 .9, 0 0 0]
[15:26:59] [main/WARN]: Ambiguity between arguments [teleport, location] and [teleport, targets] with inputs: [0.1 -0.5 .9, 0 0 0]
[15:26:59] [main/WARN]: Ambiguity between arguments [teleport, targets] and [teleport, destination] with inputs: [Player, 0123, dd12be42-52a9-4a91-a8a1-11c01849e498]
[15:26:59] [main/WARN]: Ambiguity between arguments [teleport, targets, location] and [teleport, targets, destination] with inputs: [0.1 -0.5 .9, 0 0 0]
[15:26:59] [Server thread/INFO]: Starting minecraft server version 1.15
[15:26:59] [Server thread/INFO]: Loading properties
[15:26:59] [Server thread/INFO]: Default game type: SURVIVAL
[15:26:59] [Server thread/INFO]: Generating keypair
[15:26:59] [Server thread/INFO]: Starting Minecraft server on *:25565
[15:26:59] [Server thread/INFO]: Using epoll channel type
[15:26:59] [Server thread/WARN]: **** SERVER IS RUNNING IN OFFLINE/INSECURE MODE!
[15:26:59] [Server thread/WARN]: The server will make no attempt to authenticate usernames. Beware.
[15:26:59] [Server thread/WARN]: While this makes the game possible to play without internet access, it also opens up the ability for hackers to connect with any username they choose.
[15:26:59] [Server thread/WARN]: To change this, set "online-mode" to "true" in the server.properties file.
[15:26:59] [Server thread/INFO]: Preparing level "world"
[15:27:00] [Server thread/INFO]: Reloading ResourceManager: Default
[15:27:00] [Server thread/INFO]: Loaded 6 recipes
[15:27:00] [Server thread/INFO]: Loaded 825 advancements
[15:27:01] [Server thread/INFO]: Preparing start region for dimension minecraft:overworld
[15:27:02] [Server thread/INFO]: Preparing spawn area: 0%
[15:27:02] [Server thread/INFO]: Preparing spawn area: 0%
[15:27:02] [Server thread/INFO]: Preparing spawn area: 0%
[15:27:03] [Server-Worker-6/INFO]: Preparing spawn area: 83%
[15:27:03] [Server-Worker-6/INFO]: Preparing spawn area: 83%
[15:27:03] [Server-Worker-7/INFO]: Preparing spawn area: 83%
[15:27:04] [Server-Worker-6/INFO]: Preparing spawn area: 83%
[15:27:04] [Server-Worker-5/INFO]: Preparing spawn area: 87%
[15:27:05] [Server thread/INFO]: Time elapsed: 3894 ms
[15:27:05] [Server thread/INFO]: Done (5.109s)! For help, type "help"
[15:27:08] [Server thread/INFO]: expsample[/192.168.86.53:9293] logged in with entity id 65 at (-137.5, 68.0, 85.5)
[15:27:08] [Server thread/INFO]: expsample joined the game
[15:27:15] [Server thread/INFO]: expsample2[/192.168.86.43:50712] logged in with entity id 216 at (-126.5, 68.0, 74.5)
[15:27:15] [Server thread/INFO]: expsample2 joined the game
[15:27:17] [Server thread/INFO]: expsample3[/192.168.86.66:53076] logged in with entity id 226 at (-133.5, 68.0, 81.5)
[15:27:17] [Server thread/INFO]: expsample3 joined the game
[15:32:23] [Server thread/INFO]: expsample2 has made the advancement [Monster Hunter]
[15:35:58] [Server thread/INFO]: expsample2 has made the advancement [Stone Age]
[15:41:44] [Server thread/INFO]: expsample2 has made the advancement [Getting an Upgrade]
[15:41:52] [Server thread/INFO]: expsample3 has made the advancement [Getting an Upgrade]
[15:42:15] [Server thread/INFO]: expsample has made the advancement [Getting an Upgrade]
[16:05:57] [Server thread/INFO]: expsample3 has made the advancement [Stone Age]
[16:06:00] [Server thread/INFO]: expsample has made the advancement [Stone Age]
[16:38:09] [Server thread/INFO]: expsample3 was shot by Skeleton
[16:38:18] [Server thread/INFO]: expsample was blown up by Creeper
[16:38:26] [Server thread/WARN]: expsample3 moved too quickly! 56.15889111628667,4.0,32.136704509252105
[16:43:58] [Server thread/INFO]: expsample was slain by expsample2
[16:45:30] [Server thread/INFO]: expsample3 was slain by expsample
[16:49:45] [Server thread/WARN]: Mismatch in destroy block pos: fk{x=-268, y=92, z=-334} fk{x=-268, y=93, z=-335}
[16:51:01] [Server thread/INFO]: expsample3 lost connection: Disconnected
[16:51:01] [Server thread/INFO]: expsample3 left the game
[16:57:45] [Server thread/INFO]: expsample lost connection: Disconnected
[16:57:45] [Server thread/INFO]: expsample left the game
[16:58:22] [Server thread/INFO]: expsample2 has made the advancement [Sweet Dreams]
[16:58:34] [Server thread/INFO]: expsample[/192.168.86.53:9364] logged in with entity id 21572 at (-74.31353409198819, 59.0, 202.23750001192096)
[16:58:34] [Server thread/INFO]: expsample joined the game
[17:03:32] [Server thread/INFO]: expsample2 has made the advancement [A Seedy Place]
[17:03:59] [Server thread/INFO]: expsample fell from a high place
[17:04:01] [Server thread/WARN]: expsample moved too quickly! 24.19999998807907,31.0,-114.19999998807907
[17:11:22] [Server thread/INFO]: Villager axt['Farmer'/19520, l='world', x=-488.28, y=75.00, z=179.59] died, message: 'Farmer was slain by Zombie'
[17:11:59] [Server thread/INFO]: <expsample2> i fuck you
[17:12:03] [Server thread/INFO]: <expsample2> nbm,dl;fkjxnkdifguthjm
[17:12:04] [Server thread/INFO]: <expsample2> gg;'h
[17:12:05] [Server thread/INFO]: <expsample2> gfgjhj,mkj
[17:12:15] [Server thread/INFO]: <expsample2> L
[17:12:15] [Server thread/INFO]: <expsample2> L
[17:12:16] [Server thread/INFO]: <expsample2> L
[17:12:16] [Server thread/INFO]: <expsample2> L
[17:12:16] [Server thread/INFO]: <expsample2> L
[17:12:16] [Server thread/INFO]: <expsample2> L
[17:12:17] [Server thread/INFO]: <expsample2> L
[17:12:17] [Server thread/INFO]: <expsample2> LL
[17:12:17] [Server thread/INFO]: <expsample2> L
[17:12:17] [Server thread/INFO]: <expsample2> LL
[17:12:18] [Server thread/INFO]: <expsample2> LL
[17:12:18] [Server thread/INFO]: <expsample2> LL
[17:12:18] [Server thread/INFO]: <expsample2> L
[17:12:19] [Server thread/INFO]: <expsample2> L
[17:12:19] [Server thread/INFO]: expsample2 lost connection: Kicked for spamming
[17:12:19] [Server thread/INFO]: expsample2 left the game
[17:13:23] [Server thread/INFO]: expsample was slain by Zombie
[17:13:25] [Server thread/WARN]: expsample moved too quickly! -109.16086296268655,7.0,-12.276758266758634
[17:13:48] [Server thread/INFO]: expsample lost connection: Disconnected
[17:13:48] [Server thread/INFO]: expsample left the game
[17:55:29] [Server console handler/ERROR]: Exception handling console input
java.io.IOException: Input/output error
	at java.io.FileInputStream.readBytes(Native Method) ~[?:1.8.0_222]
	at java.io.FileInputStream.read(FileInputStream.java:255) ~[?:1.8.0_222]
	at java.io.BufferedInputStream.read1(BufferedInputStream.java:284) ~[?:1.8.0_222]
	at java.io.BufferedInputStream.read(BufferedInputStream.java:345) ~[?:1.8.0_222]
	at sun.nio.cs.StreamDecoder.readBytes(StreamDecoder.java:284) ~[?:1.8.0_222]
	at sun.nio.cs.StreamDecoder.implRead(StreamDecoder.java:326) ~[?:1.8.0_222]
	at sun.nio.cs.StreamDecoder.read(StreamDecoder.java:178) ~[?:1.8.0_222]
	at java.io.InputStreamReader.read(InputStreamReader.java:184) ~[?:1.8.0_222]
	at java.io.BufferedReader.fill(BufferedReader.java:161) ~[?:1.8.0_222]
	at java.io.BufferedReader.readLine(BufferedReader.java:324) ~[?:1.8.0_222]
	at java.io.BufferedReader.readLine(BufferedReader.java:389) ~[?:1.8.0_222]
	at wd$2.run(SourceFile:109) [minecraft_server.1.15.jar:?]
[17:55:29] [Server thread/INFO]: Stopping server
[17:55:29] [Server thread/INFO]: Saving players
[17:55:29] [Server thread/INFO]: Saving worlds
[17:55:29] [Server thread/INFO]: Saving chunks for level 'world'/minecraft:the_end
[17:55:29] [Server thread/INFO]: ThreadedAnvilChunkStorage (DIM1): All chunks are saved
[17:55:29] [Server thread/INFO]: Saving chunks for level 'world'/minecraft:the_nether
[17:55:29] [Server thread/INFO]: ThreadedAnvilChunkStorage (DIM-1): All chunks are saved
[17:55:29] [Server thread/INFO]: Saving chunks for level 'world'/minecraft:overworld
[17:55:29] [Server thread/INFO]: ThreadedAnvilChunkStorage (world): All chunks are saved
[17:55:29] [Server thread/INFO]: ThreadedAnvilChunkStorage (DIM1): All chunks are saved
[17:55:29] [Server thread/INFO]: ThreadedAnvilChunkStorage (DIM-1): All chunks are saved
[17:55:29] [Server thread/INFO]: ThreadedAnvilChunkStorage (world): All chunks are saved
