[22:34:34] [main/WARN]: Ambiguity between arguments [teleport, destination] and [teleport, targets] with inputs: [Player, 0123, @e, dd12be42-52a9-4a91-a8a1-11c01849e498]
[22:34:34] [main/WARN]: Ambiguity between arguments [teleport, location] and [teleport, destination] with inputs: [0.1 -0.5 .9, 0 0 0]
[22:34:34] [main/WARN]: Ambiguity between arguments [teleport, location] and [teleport, targets] with inputs: [0.1 -0.5 .9, 0 0 0]
[22:34:34] [main/WARN]: Ambiguity between arguments [teleport, targets] and [teleport, destination] with inputs: [Player, 0123, dd12be42-52a9-4a91-a8a1-11c01849e498]
[22:34:34] [main/WARN]: Ambiguity between arguments [teleport, targets, location] and [teleport, targets, destination] with inputs: [0.1 -0.5 .9, 0 0 0]
[22:34:34] [Server thread/INFO]: Starting minecraft server version 1.14.4
[22:34:34] [Server thread/INFO]: Loading properties
[22:34:34] [Server thread/INFO]: Default game type: SURVIVAL
[22:34:34] [Server thread/INFO]: Generating keypair
[22:34:34] [Server thread/INFO]: Starting Minecraft server on *:25565
[22:34:34] [Server thread/INFO]: Using epoll channel type
[22:34:34] [Server thread/WARN]: **** SERVER IS RUNNING IN OFFLINE/INSECURE MODE!
[22:34:34] [Server thread/WARN]: The server will make no attempt to authenticate usernames. Beware.
[22:34:34] [Server thread/WARN]: While this makes the game possible to play without internet access, it also opens up the ability for hackers to connect with any username they choose.
[22:34:34] [Server thread/WARN]: To change this, set "online-mode" to "true" in the server.properties file.
[22:34:34] [Server thread/INFO]: Preparing level "world"
[22:34:34] [Server thread/INFO]: Found new data pack vanilla, loading it automatically
[22:34:34] [Server thread/INFO]: Reloading ResourceManager: Default
[22:34:35] [Server thread/INFO]: Loaded 6 recipes
[22:34:35] [Server thread/INFO]: Loaded 811 advancements
[22:34:38] [Server thread/INFO]: Preparing start region for dimension minecraft:overworld
[22:34:38] [Server-Worker-2/INFO]: Preparing spawn area: 0%
[22:34:38] [Server-Worker-2/INFO]: Preparing spawn area: 0%
[22:34:39] [Server-Worker-2/INFO]: Preparing spawn area: 7%
[22:34:39] [Server-Worker-3/INFO]: Preparing spawn area: 10%
[22:34:40] [Server-Worker-5/INFO]: Preparing spawn area: 19%
[22:34:40] [Server-Worker-5/INFO]: Preparing spawn area: 19%
[22:34:41] [Server-Worker-4/INFO]: Preparing spawn area: 25%
[22:34:41] [Server-Worker-4/INFO]: Preparing spawn area: 28%
[22:34:42] [Server-Worker-2/INFO]: Preparing spawn area: 39%
[22:34:42] [Server-Worker-6/INFO]: Preparing spawn area: 45%
[22:34:43] [Server-Worker-3/INFO]: Preparing spawn area: 54%
[22:34:43] [Server-Worker-5/INFO]: Preparing spawn area: 61%
[22:34:44] [Server-Worker-2/INFO]: Preparing spawn area: 70%
[22:34:44] [Server-Worker-3/INFO]: Preparing spawn area: 79%
[22:34:45] [Server-Worker-3/INFO]: Preparing spawn area: 87%
[22:34:45] [Server-Worker-5/INFO]: Preparing spawn area: 95%
[22:34:45] [Server thread/INFO]: Time elapsed: 7720 ms
[22:34:45] [Server thread/INFO]: Done (11.234s)! For help, type "help"
