[14:18:25] [main/WARN]: Ambiguity between arguments [teleport, destination] and [teleport, targets] with inputs: [Player, 0123, @e, dd12be42-52a9-4a91-a8a1-11c01849e498]
[14:18:25] [main/WARN]: Ambiguity between arguments [teleport, location] and [teleport, destination] with inputs: [0.1 -0.5 .9, 0 0 0]
[14:18:25] [main/WARN]: Ambiguity between arguments [teleport, location] and [teleport, targets] with inputs: [0.1 -0.5 .9, 0 0 0]
[14:18:25] [main/WARN]: Ambiguity between arguments [teleport, targets] and [teleport, destination] with inputs: [Player, 0123, dd12be42-52a9-4a91-a8a1-11c01849e498]
[14:18:25] [main/WARN]: Ambiguity between arguments [teleport, targets, location] and [teleport, targets, destination] with inputs: [0.1 -0.5 .9, 0 0 0]
[14:18:25] [Server thread/INFO]: Starting minecraft server version 1.15.1
[14:18:25] [Server thread/INFO]: Loading properties
[14:18:25] [Server thread/INFO]: Default game type: SURVIVAL
[14:18:25] [Server thread/INFO]: Generating keypair
[14:18:25] [Server thread/INFO]: Starting Minecraft server on *:25565
[14:18:25] [Server thread/INFO]: Using epoll channel type
[14:18:25] [Server thread/WARN]: **** SERVER IS RUNNING IN OFFLINE/INSECURE MODE!
[14:18:25] [Server thread/WARN]: The server will make no attempt to authenticate usernames. Beware.
[14:18:25] [Server thread/WARN]: While this makes the game possible to play without internet access, it also opens up the ability for hackers to connect with any username they choose.
[14:18:25] [Server thread/WARN]: To change this, set "online-mode" to "true" in the server.properties file.
[14:18:25] [Server thread/INFO]: Preparing level "world"
[14:18:25] [Server thread/INFO]: Reloading ResourceManager: Default
[14:18:26] [Server thread/INFO]: Loaded 6 recipes
[14:18:26] [Server thread/INFO]: Loaded 825 advancements
[14:18:27] [Server thread/INFO]: Preparing start region for dimension minecraft:overworld
[14:18:27] [Server thread/INFO]: Preparing spawn area: 0%
[14:18:27] [Server thread/INFO]: Preparing spawn area: 0%
[14:18:28] [Server thread/INFO]: Preparing spawn area: 70%
[14:18:29] [Server-Worker-4/INFO]: Preparing spawn area: 83%
[14:18:29] [Server-Worker-4/INFO]: Preparing spawn area: 83%
[14:18:29] [Server-Worker-7/INFO]: Preparing spawn area: 99%
[14:18:29] [Server thread/INFO]: Time elapsed: 2615 ms
[14:18:29] [Server thread/INFO]: Done (3.941s)! For help, type "help"
[14:18:36] [Server thread/INFO]: palang[/192.168.86.53:4072] logged in with entity id 302 at (86.69999998807907, 74.0, 247.30000001192093)
[14:18:36] [Server thread/INFO]: palang joined the game
[14:18:42] [Server thread/INFO]: junyoung[/192.168.86.66:44608] logged in with entity id 400 at (-16.43580421501676, 68.0, 239.1912757037572)
[14:18:42] [Server thread/INFO]: junyoung joined the game
[14:18:54] [Server thread/INFO]: suha[/192.168.86.43:54199] logged in with entity id 456 at (86.30000001192093, 74.0, 247.69999998807907)
[14:18:54] [Server thread/INFO]: suha joined the game
[14:19:56] [Server thread/INFO]: palang lost connection: Disconnected
[14:19:56] [Server thread/INFO]: palang left the game
[14:20:30] [Server thread/INFO]: palang[/192.168.86.53:4076] logged in with entity id 670 at (86.69999998807907, 74.0, 247.30000001192093)
[14:20:30] [Server thread/INFO]: palang joined the game
[14:38:45] [Server thread/INFO]: Villager axt['Leatherworker'/174, l='world', x=-27.82, y=66.00, z=241.32] died, message: 'Leatherworker was slain by Zombie'
[14:41:12] [Server thread/INFO]: junyoung lost connection: Disconnected
[14:41:12] [Server thread/INFO]: junyoung left the game
[14:42:17] [Server thread/INFO]: suha lost connection: Disconnected
[14:42:17] [Server thread/INFO]: suha left the game
[14:42:24] [Server thread/INFO]: palang lost connection: Disconnected
[14:42:24] [Server thread/INFO]: palang left the game
