[18:23:32] [main/WARN]: Ambiguity between arguments [teleport, destination] and [teleport, targets] with inputs: [Player, 0123, @e, dd12be42-52a9-4a91-a8a1-11c01849e498]
[18:23:32] [main/WARN]: Ambiguity between arguments [teleport, location] and [teleport, destination] with inputs: [0.1 -0.5 .9, 0 0 0]
[18:23:32] [main/WARN]: Ambiguity between arguments [teleport, location] and [teleport, targets] with inputs: [0.1 -0.5 .9, 0 0 0]
[18:23:32] [main/WARN]: Ambiguity between arguments [teleport, targets] and [teleport, destination] with inputs: [Player, 0123, dd12be42-52a9-4a91-a8a1-11c01849e498]
[18:23:32] [main/WARN]: Ambiguity between arguments [teleport, targets, location] and [teleport, targets, destination] with inputs: [0.1 -0.5 .9, 0 0 0]
[18:23:32] [Server thread/INFO]: Starting minecraft server version 1.15.2
[18:23:32] [Server thread/INFO]: Loading properties
[18:23:32] [Server thread/INFO]: Default game type: SURVIVAL
[18:23:32] [Server thread/INFO]: Generating keypair
[18:23:32] [Server thread/INFO]: Starting Minecraft server on *:25565
[18:23:32] [Server thread/INFO]: Using epoll channel type
[18:23:32] [Server thread/WARN]: **** SERVER IS RUNNING IN OFFLINE/INSECURE MODE!
[18:23:32] [Server thread/WARN]: The server will make no attempt to authenticate usernames. Beware.
[18:23:32] [Server thread/WARN]: While this makes the game possible to play without internet access, it also opens up the ability for hackers to connect with any username they choose.
[18:23:32] [Server thread/WARN]: To change this, set "online-mode" to "true" in the server.properties file.
[18:23:32] [Server thread/INFO]: Preparing level "world"
[18:23:32] [Server thread/INFO]: Reloading ResourceManager: Default
[18:23:33] [Server thread/INFO]: Loaded 6 recipes
[18:23:33] [Server thread/INFO]: Loaded 825 advancements
[18:23:33] [Server thread/INFO]: Preparing start region for dimension minecraft:overworld
[18:23:34] [Server thread/INFO]: Preparing spawn area: 0%
[18:23:34] [Server thread/INFO]: Preparing spawn area: 0%
[18:23:34] [Server thread/INFO]: Preparing spawn area: 0%
[18:23:34] [Server thread/INFO]: Time elapsed: 1196 ms
[18:23:34] [Server thread/INFO]: Done (2.305s)! For help, type "help"
[18:23:44] [Server thread/INFO]: expsample[/192.168.86.66:47094] logged in with entity id 182 at (-377.43863594512726, 69.0, 200.2545942884718)
[18:23:44] [Server thread/INFO]: expsample joined the game
[18:23:45] [Server thread/INFO]: suha[/192.168.86.43:52923] logged in with entity id 473 at (-245.15633580626175, 75.80868704277303, 294.71311018814384)
[18:23:45] [Server thread/INFO]: suha joined the game
[18:23:49] [Server thread/INFO]: suha lost connection: Disconnected
[18:23:49] [Server thread/INFO]: suha left the game
[18:23:50] [Server thread/INFO]: expsample lost connection: Disconnected
[18:23:50] [Server thread/INFO]: expsample left the game
