[10:10:33] [main/WARN]: Ambiguity between arguments [teleport, destination] and [teleport, targets] with inputs: [Player, 0123, @e, dd12be42-52a9-4a91-a8a1-11c01849e498]
[10:10:33] [main/WARN]: Ambiguity between arguments [teleport, location] and [teleport, destination] with inputs: [0.1 -0.5 .9, 0 0 0]
[10:10:33] [main/WARN]: Ambiguity between arguments [teleport, location] and [teleport, targets] with inputs: [0.1 -0.5 .9, 0 0 0]
[10:10:33] [main/WARN]: Ambiguity between arguments [teleport, targets] and [teleport, destination] with inputs: [Player, 0123, dd12be42-52a9-4a91-a8a1-11c01849e498]
[10:10:33] [main/WARN]: Ambiguity between arguments [teleport, targets, location] and [teleport, targets, destination] with inputs: [0.1 -0.5 .9, 0 0 0]
[10:10:33] [Server thread/INFO]: Starting minecraft server version 1.14.4
[10:10:33] [Server thread/INFO]: Loading properties
[10:10:33] [Server thread/INFO]: Default game type: SURVIVAL
[10:10:33] [Server thread/INFO]: Generating keypair
[10:10:33] [Server thread/INFO]: Starting Minecraft server on *:25565
[10:10:33] [Server thread/INFO]: Using epoll channel type
[10:10:33] [Server thread/WARN]: **** SERVER IS RUNNING IN OFFLINE/INSECURE MODE!
[10:10:33] [Server thread/WARN]: The server will make no attempt to authenticate usernames. Beware.
[10:10:33] [Server thread/WARN]: While this makes the game possible to play without internet access, it also opens up the ability for hackers to connect with any username they choose.
[10:10:33] [Server thread/WARN]: To change this, set "online-mode" to "true" in the server.properties file.
[10:10:33] [Server thread/INFO]: Preparing level "world"
[10:10:33] [Server thread/INFO]: Found new data pack vanilla, loading it automatically
[10:10:33] [Server thread/INFO]: Reloading ResourceManager: Default
[10:10:34] [Server thread/INFO]: Loaded 6 recipes
[10:10:34] [Server thread/INFO]: Loaded 811 advancements
[10:10:34] [Server thread/WARN]: Unable to find spawn biome
[10:10:37] [Server thread/INFO]: Preparing start region for dimension minecraft:overworld
[10:10:37] [Server-Worker-7/INFO]: Preparing spawn area: 0%
[10:10:37] [Server-Worker-4/INFO]: Preparing spawn area: 3%
[10:10:38] [Server-Worker-5/INFO]: Preparing spawn area: 12%
[10:10:38] [Server-Worker-6/INFO]: Preparing spawn area: 22%
[10:10:39] [Server-Worker-4/INFO]: Preparing spawn area: 27%
[10:10:39] [Server-Worker-1/INFO]: Preparing spawn area: 43%
[10:10:40] [Server-Worker-1/INFO]: Preparing spawn area: 48%
[10:10:40] [Server-Worker-7/INFO]: Preparing spawn area: 62%
[10:10:41] [Server-Worker-5/INFO]: Preparing spawn area: 71%
[10:10:41] [Server-Worker-7/INFO]: Preparing spawn area: 82%
[10:10:42] [Server-Worker-1/INFO]: Preparing spawn area: 90%
[10:10:42] [Server thread/INFO]: Time elapsed: 5401 ms
[10:10:42] [Server thread/INFO]: Done (8.846s)! For help, type "help"
[10:11:03] [Server thread/INFO]: expsample[/192.168.86.43:52884] logged in with entity id 224 at (29.5, 68.0, -5.5)
[10:11:03] [Server thread/INFO]: expsample joined the game
[10:11:49] [Server thread/INFO]: expsample2[/192.168.86.53:12053] logged in with entity id 707 at (33.5, 70.0, -2.5)
[10:11:49] [Server thread/INFO]: expsample2 joined the game
[10:15:44] [Server thread/WARN]: Can't keep up! Is the server overloaded? Running 2021ms or 40 ticks behind
[10:16:03] [Server thread/INFO]: expsample2 has made the advancement [Monster Hunter]
[10:22:41] [Server thread/INFO]: expsample has made the advancement [Stone Age]
[10:25:14] [Server thread/INFO]: expsample2 has made the advancement [Fishy Business]
[10:27:31] [Server thread/INFO]: expsample was slain by Slime
[10:30:02] [Server thread/INFO]: expsample has made the advancement [Monster Hunter]
[10:34:22] [Server thread/INFO]: expsample2 was shot by Skeleton
[10:35:37] [Server thread/INFO]: expsample was shot by Skeleton
[10:37:29] [Server thread/INFO]: expsample2 has made the advancement [Stone Age]
[10:42:22] [Server thread/INFO]: expsample2 has made the advancement [Getting an Upgrade]
[10:42:48] [Server thread/INFO]: expsample has made the advancement [Getting an Upgrade]
[10:50:37] [Server thread/INFO]: expsample has made the advancement [Best Friends Forever]
[10:54:28] [Server thread/INFO]: expsample has made the advancement [Acquire Hardware]
[10:56:22] [Server thread/INFO]: expsample2 has made the advancement [Acquire Hardware]
[11:00:23] [Server thread/INFO]: expsample has made the advancement [A Seedy Place]
[11:00:24] [Server thread/INFO]: expsample2 has made the advancement [A Seedy Place]
[11:03:02] [Server thread/INFO]: expsample has made the advancement [Sweet Dreams]
[11:07:10] [Server thread/INFO]: expsample has made the advancement [Fishy Business]
[11:15:46] [Server thread/WARN]: Can't keep up! Is the server overloaded? Running 2017ms or 40 ticks behind
[11:25:41] [Server thread/WARN]: Boat moved wrongly!
[11:26:37] [Server thread/INFO]: expsample2 was slain by Slime
[11:26:39] [Server thread/WARN]: expsample2 moved too quickly! -314.5580873411242,7.0,-46.88752365658143
[11:42:00] [Server thread/INFO]: expsample2 has made the advancement [Sweet Dreams]
[12:16:16] [Server thread/INFO]: <expsample> 55555555555555555555555555555555555555666666666666666666666666666666666666666666666666666666
[12:16:24] [Server thread/INFO]: <expsample> uytfgtrfgffffffffffffffffffffffffffffffffgfgfgfgfgfgfgfgfg
[12:17:12] [Server thread/INFO]: expsample2 was killed by Witch using magic
[12:26:42] [Server thread/INFO]: expsample2 lost connection: Disconnected
[12:26:42] [Server thread/INFO]: expsample2 left the game
[12:26:45] [Server thread/INFO]: expsample lost connection: Disconnected
[12:26:45] [Server thread/INFO]: expsample left the game
[12:26:52] [Server thread/INFO]: Stopping server
[12:26:52] [Server thread/INFO]: Saving players
[12:26:52] [Server thread/INFO]: Saving worlds
[12:26:52] [Server thread/INFO]: Saving chunks for level 'world'/minecraft:the_nether
[12:26:52] [Server thread/INFO]: ThreadedAnvilChunkStorage (DIM-1): All chunks are saved
[12:26:52] [Server thread/INFO]: Saving chunks for level 'world'/minecraft:overworld
[12:26:52] [Server thread/INFO]: ThreadedAnvilChunkStorage (world): All chunks are saved
[12:26:52] [Server thread/INFO]: Saving chunks for level 'world'/minecraft:the_end
[12:26:52] [Server thread/INFO]: ThreadedAnvilChunkStorage (DIM1): All chunks are saved
[12:26:52] [Server thread/INFO]: ThreadedAnvilChunkStorage (DIM-1): All chunks are saved
[12:26:52] [Server thread/INFO]: ThreadedAnvilChunkStorage (world): All chunks are saved
[12:26:52] [Server thread/INFO]: ThreadedAnvilChunkStorage (DIM1): All chunks are saved
