[12:57:49] [Server thread/INFO]: Loading properties
[12:57:49] [Server thread/INFO]: Default game type: SURVIVAL
[12:57:49] [Server thread/INFO]: Generating keypair
[12:57:49] [Server thread/INFO]: Starting Minecraft server on *:25565
[12:57:49] [Server thread/INFO]: Using default channel type
[12:57:49] [Server thread/WARN]: **** SERVER IS RUNNING IN OFFLINE/INSECURE MODE!
[12:57:49] [Server thread/WARN]: The server will make no attempt to authenticate usernames. Beware.
[12:57:49] [Server thread/WARN]: While this makes the game possible to play without internet access, it also opens up the ability for hackers to connect with any username they choose.
[12:57:49] [Server thread/WARN]: To change this, set "online-mode" to "true" in the server.properties file.
[12:57:49] [Server thread/INFO]: Preparing level "world"
[12:57:49] [Server thread/INFO]: Loaded 488 advancements
[12:57:49] [Server thread/INFO]: Preparing start region for level 0
[12:57:50] [Server thread/INFO]: Preparing spawn area: 59%
[12:57:51] [Server thread/INFO]: Done (1.717s)! For help, type "help" or "?"
[12:58:44] [Server thread/INFO]: expsample2[/192.168.0.7:65468] logged in with entity id 381 at (174.68081242155313, 70.0, 274.60934672232463)
[12:58:44] [Server thread/INFO]: expsample2 joined the game
[13:01:56] [Server thread/INFO]: expsample2 has made the advancement [Sweet dreams]
[13:02:02] [Server thread/INFO]: expsample[/192.168.0.9:1873] logged in with entity id 2509 at (168.30880487743346, 70.0, 275.5598301165797)
[13:02:02] [Server thread/INFO]: expsample joined the game
[13:13:49] [Server thread/INFO]: expsample2 was shot by Skeleton
[13:16:13] [Server thread/INFO]: expsample was slain by Zombie
[13:16:51] [Server thread/INFO]: expsample has made the advancement [Sweet dreams]
[14:05:19] [Server thread/INFO]: expsample2 was shot by Skeleton
[14:24:20] [Server thread/INFO]: expsample2 has made the advancement [Suit Up]
[14:25:55] [Server thread/INFO]: expsample has made the advancement [Suit Up]
[14:42:52] [Server thread/INFO]: expsample was blown up by Creeper
[15:19:56] [Server thread/INFO]: expsample2 has made the advancement [A Seedy Place]
[15:43:22] [Server thread/INFO]: expsample2 lost connection: Disconnected
[15:43:22] [Server thread/INFO]: expsample2 left the game
[15:43:22] [Server thread/INFO]: expsample lost connection: Disconnected
[15:43:22] [Server thread/INFO]: expsample left the game
[16:14:05] [Server thread/WARN]: Can't keep up! Did the system time change, or is the server overloaded? Running 1794545ms behind, skipping 35890 tick(s)
[16:48:01] [Server thread/WARN]: Can't keep up! Did the system time change, or is the server overloaded? Running 1968051ms behind, skipping 39361 tick(s)
[17:16:42] [Server thread/WARN]: Can't keep up! Did the system time change, or is the server overloaded? Running 1668099ms behind, skipping 33361 tick(s)
[17:57:29] [Server thread/WARN]: Can't keep up! Did the system time change, or is the server overloaded? Running 2394143ms behind, skipping 47882 tick(s)
[17:59:56] [Server thread/WARN]: Can't keep up! Did the system time change, or is the server overloaded? Running 78998ms behind, skipping 1579 tick(s)
[19:01:01] [Server thread/WARN]: Can't keep up! Did the system time change, or is the server overloaded? Running 3612101ms behind, skipping 72242 tick(s)
[19:06:57] [Server thread/WARN]: Can't keep up! Did the system time change, or is the server overloaded? Running 303100ms behind, skipping 6062 tick(s)
[19:13:27] [Server thread/WARN]: Can't keep up! Did the system time change, or is the server overloaded? Running 337110ms behind, skipping 6742 tick(s)
[19:59:55] [Server thread/WARN]: Can't keep up! Did the system time change, or is the server overloaded? Running 2735102ms behind, skipping 54702 tick(s)
[21:05:08] [Server thread/WARN]: Can't keep up! Did the system time change, or is the server overloaded? Running 3844999ms behind, skipping 76899 tick(s)
[21:11:26] [Server thread/WARN]: Can't keep up! Did the system time change, or is the server overloaded? Running 325142ms behind, skipping 6502 tick(s)
[22:03:27] [Server thread/WARN]: Can't keep up! Did the system time change, or is the server overloaded? Running 3068054ms behind, skipping 61361 tick(s)
[22:14:23] [Server thread/WARN]: Can't keep up! Did the system time change, or is the server overloaded? Running 603146ms behind, skipping 12062 tick(s)
[22:26:16] [Server thread/WARN]: Can't keep up! Did the system time change, or is the server overloaded? Running 660109ms behind, skipping 13202 tick(s)
[22:41:47] [Server thread/WARN]: Can't keep up! Did the system time change, or is the server overloaded? Running 878096ms behind, skipping 17561 tick(s)
[22:45:18] [Server thread/WARN]: Can't keep up! Did the system time change, or is the server overloaded? Running 162007ms behind, skipping 3240 tick(s)
[22:46:02] [Server thread/INFO]: Unknown command. Try /help for a list of commands
[22:46:02] [Server thread/INFO]: Unknown command. Try /help for a list of commands
[22:46:03] [Server thread/INFO]: Unknown command. Try /help for a list of commands
[22:46:03] [Server thread/INFO]: Unknown command. Try /help for a list of commands
[22:46:03] [Server thread/INFO]: Unknown command. Try /help for a list of commands
[22:46:04] [Server Shutdown Thread/INFO]: Stopping server
