[19:19:57] [main/WARN]: Ambiguity between arguments [teleport, destination] and [teleport, targets] with inputs: [Player, 0123, @e, dd12be42-52a9-4a91-a8a1-11c01849e498]
[19:19:57] [main/WARN]: Ambiguity between arguments [teleport, location] and [teleport, destination] with inputs: [0.1 -0.5 .9, 0 0 0]
[19:19:57] [main/WARN]: Ambiguity between arguments [teleport, location] and [teleport, targets] with inputs: [0.1 -0.5 .9, 0 0 0]
[19:19:57] [main/WARN]: Ambiguity between arguments [teleport, targets] and [teleport, destination] with inputs: [Player, 0123, dd12be42-52a9-4a91-a8a1-11c01849e498]
[19:19:57] [main/WARN]: Ambiguity between arguments [teleport, targets, location] and [teleport, targets, destination] with inputs: [0.1 -0.5 .9, 0 0 0]
[19:19:57] [main/INFO]: Loaded 0 recipes
[19:19:57] [main/INFO]: Loaded 0 advancements
[19:19:57] [Server thread/INFO]: Starting minecraft server version 1.13
[19:19:57] [Server thread/INFO]: Loading properties
[19:19:57] [Server thread/INFO]: Default game type: SURVIVAL
[19:19:57] [Server thread/INFO]: Generating keypair
[19:19:57] [Server thread/INFO]: Starting Minecraft server on *:25565
[19:19:57] [Server thread/INFO]: Using default channel type
[19:19:57] [Server thread/WARN]: **** SERVER IS RUNNING IN OFFLINE/INSECURE MODE!
[19:19:57] [Server thread/WARN]: The server will make no attempt to authenticate usernames. Beware.
[19:19:57] [Server thread/WARN]: While this makes the game possible to play without internet access, it also opens up the ability for hackers to connect with any username they choose.
[19:19:57] [Server thread/WARN]: To change this, set "online-mode" to "true" in the server.properties file.
[19:19:57] [Server thread/INFO]: Preparing level "world"
[19:19:57] [Server thread/INFO]: Reloading ResourceManager: Default
[19:19:58] [Server thread/INFO]: Loaded 524 recipes
[19:19:59] [Server thread/INFO]: Loaded 571 advancements
[19:19:59] [Server thread/INFO]: Preparing start region for level 0
[19:20:00] [Server thread/INFO]: Preparing spawn area: 3%
[19:20:01] [Server thread/INFO]: Preparing spawn area: 3%
[19:20:02] [Server thread/INFO]: Preparing spawn area: 4%
[19:20:02] [Server thread/INFO]: Preparing spawn area: 8%
[19:20:02] [Server thread/INFO]: Preparing spawn area: 12%
[19:20:02] [Server thread/INFO]: Preparing spawn area: 16%
[19:20:03] [Server thread/INFO]: Preparing spawn area: 20%
[19:20:03] [Server thread/INFO]: Preparing spawn area: 24%
[19:20:03] [Server thread/INFO]: Preparing spawn area: 28%
[19:20:03] [Server thread/INFO]: Preparing spawn area: 32%
[19:20:03] [Server thread/INFO]: Preparing spawn area: 36%
[19:20:03] [Server thread/INFO]: Preparing spawn area: 40%
[19:20:03] [Server thread/INFO]: Preparing spawn area: 44%
[19:20:03] [Server thread/INFO]: Preparing spawn area: 48%
[19:20:04] [Server thread/INFO]: Preparing spawn area: 52%
[19:20:04] [Server thread/INFO]: Preparing spawn area: 56%
[19:20:04] [Server thread/INFO]: Preparing spawn area: 60%
[19:20:04] [Server thread/INFO]: Preparing spawn area: 64%
[19:20:04] [Server thread/INFO]: Preparing spawn area: 68%
[19:20:04] [Server thread/INFO]: Preparing spawn area: 72%
[19:20:04] [Server thread/INFO]: Preparing spawn area: 76%
[19:20:04] [Server thread/INFO]: Preparing spawn area: 80%
[19:20:04] [Server thread/INFO]: Preparing spawn area: 84%
[19:20:04] [Server thread/INFO]: Preparing spawn area: 88%
[19:20:04] [Server thread/INFO]: Preparing spawn area: 92%
[19:20:05] [Server thread/INFO]: Preparing spawn area: 96%
[19:20:05] [Server thread/INFO]: Preparing spawn area: 100%
[19:20:05] [Server thread/INFO]: Time elapsed: 5780 ms
[19:20:05] [Server thread/INFO]: Done (7.274s)! For help, type "help"
[19:20:08] [Server thread/INFO]: expsample2[/192.168.0.6:61886] logged in with entity id 155 at (200.5, 66.0, -243.5)
[19:20:08] [Server thread/INFO]: expsample2 joined the game
[19:24:18] [Server thread/INFO]: expsample2 lost connection: Disconnected
[19:24:18] [Server thread/INFO]: expsample2 left the game
[19:24:29] [Server thread/INFO]: expsample2[/192.168.0.6:61889] logged in with entity id 3714 at (208.36530935633886, 63.0, -246.8675487204357)
[19:24:29] [Server thread/INFO]: expsample2 joined the game
[19:25:56] [Server thread/INFO]: expsample[/192.168.0.7:8141] logged in with entity id 5037 at (182.5, 65.0, -241.5)
[19:25:56] [Server thread/INFO]: expsample joined the game
[19:30:22] [Server thread/INFO]: expsample2 has made the advancement [Sweet Dreams]
[19:30:22] [Server thread/INFO]: expsample has made the advancement [Sweet Dreams]
[19:32:16] [Server thread/INFO]: expsample2 has made the advancement [Stone Age]
[19:39:15] [Server thread/INFO]: expsample2 lost connection: Disconnected
[19:39:15] [Server thread/INFO]: expsample2 left the game
[19:39:29] [Server thread/INFO]: expsample2[/192.168.0.6:61893] logged in with entity id 17143 at (185.50850777663354, 67.0, -250.62264317016002)
[19:39:29] [Server thread/INFO]: expsample2 joined the game
[19:50:18] [Server thread/INFO]: expsample2 lost connection: Disconnected
[19:50:18] [Server thread/INFO]: expsample2 left the game
[19:54:47] [Server thread/INFO]: expsample has made the advancement [Monster Hunter]
[19:55:08] [Server thread/INFO]: expsample2[/192.168.0.6:61898] logged in with entity id 31024 at (115.69999998807907, 58.10402852566394, -177.5985479374229)
[19:55:08] [Server thread/INFO]: expsample2 joined the game
[19:59:20] [Server thread/INFO]: expsample2 has made the advancement [Acquire Hardware]
[20:02:54] [Server thread/INFO]: expsample has made the advancement [Stone Age]
[20:03:35] [Server thread/INFO]: expsample2 has made the advancement [Getting an Upgrade]
[20:04:55] [Server thread/INFO]: expsample has made the advancement [Getting an Upgrade]
[20:08:43] [Server thread/INFO]: expsample drowned
[20:09:41] [Server thread/INFO]: expsample2 has made the advancement [Fishy Business]
[20:14:31] [Server thread/INFO]: expsample2 has made the advancement [Monster Hunter]
[20:16:12] [Server thread/INFO]: expsample2 lost connection: Disconnected
[20:16:12] [Server thread/INFO]: expsample2 left the game
[20:16:23] [Server thread/INFO]: expsample2[/192.168.0.6:61904] logged in with entity id 50359 at (171.0572209742697, 54.0, -271.6212778762224)
[20:16:23] [Server thread/INFO]: expsample2 joined the game
[20:18:13] [Server thread/INFO]: expsample2 lost connection: Disconnected
[20:18:13] [Server thread/INFO]: expsample2 left the game
[20:18:16] [Server thread/INFO]: expsample lost connection: Disconnected
[20:18:16] [Server thread/INFO]: expsample left the game
[20:18:22] [Server Shutdown Thread/INFO]: Stopping server
[20:18:22] [Server Shutdown Thread/INFO]: Saving players
