[09:33:02] [main/WARN]: Ambiguity between arguments [teleport, destination] and [teleport, targets] with inputs: [Player, 0123, @e, dd12be42-52a9-4a91-a8a1-11c01849e498]
[09:33:02] [main/WARN]: Ambiguity between arguments [teleport, location] and [teleport, destination] with inputs: [0.1 -0.5 .9, 0 0 0]
[09:33:02] [main/WARN]: Ambiguity between arguments [teleport, location] and [teleport, targets] with inputs: [0.1 -0.5 .9, 0 0 0]
[09:33:02] [main/WARN]: Ambiguity between arguments [teleport, targets] and [teleport, destination] with inputs: [Player, 0123, dd12be42-52a9-4a91-a8a1-11c01849e498]
[09:33:02] [main/WARN]: Ambiguity between arguments [teleport, targets, location] and [teleport, targets, destination] with inputs: [0.1 -0.5 .9, 0 0 0]
[09:33:02] [Server thread/INFO]: Starting minecraft server version 1.15.1
[09:33:02] [Server thread/INFO]: Loading properties
[09:33:02] [Server thread/INFO]: Default game type: SURVIVAL
[09:33:02] [Server thread/INFO]: Generating keypair
[09:33:02] [Server thread/INFO]: Starting Minecraft server on *:25565
[09:33:03] [Server thread/INFO]: Using epoll channel type
[09:33:03] [Server thread/WARN]: **** SERVER IS RUNNING IN OFFLINE/INSECURE MODE!
[09:33:03] [Server thread/WARN]: The server will make no attempt to authenticate usernames. Beware.
[09:33:03] [Server thread/WARN]: While this makes the game possible to play without internet access, it also opens up the ability for hackers to connect with any username they choose.
[09:33:03] [Server thread/WARN]: To change this, set "online-mode" to "true" in the server.properties file.
[09:33:03] [Server thread/INFO]: Preparing level "world"
[09:33:03] [Server thread/INFO]: Reloading ResourceManager: Default
[09:33:03] [Server thread/INFO]: Loaded 6 recipes
[09:33:03] [Server thread/INFO]: Loaded 825 advancements
[09:33:04] [Server thread/INFO]: Preparing start region for dimension minecraft:overworld
[09:33:05] [Server thread/INFO]: Preparing spawn area: 0%
[09:33:05] [Server thread/INFO]: Preparing spawn area: 0%
[09:33:05] [Server thread/INFO]: Preparing spawn area: 0%
[09:33:07] [Server-Worker-7/INFO]: Preparing spawn area: 83%
[09:33:07] [Server-Worker-7/INFO]: Preparing spawn area: 83%
[09:33:07] [Server-Worker-5/INFO]: Preparing spawn area: 83%
[09:33:07] [Server-Worker-5/INFO]: Preparing spawn area: 83%
[09:33:07] [Server-Worker-2/INFO]: Preparing spawn area: 83%
[09:33:08] [Server thread/INFO]: Preparing spawn area: 93%
[09:33:08] [Server thread/INFO]: Time elapsed: 4221 ms
[09:33:08] [Server thread/INFO]: Done (5.451s)! For help, type "help"
[09:41:10] [Server thread/INFO]: expsample_suha[/192.168.86.43:52156] logged in with entity id 150 at (-63.5, 67.0, 225.5)
[09:41:10] [Server thread/INFO]: expsample_suha joined the game
[09:43:19] [Server thread/INFO]: palang[/192.168.86.53:14762] logged in with entity id 585 at (-61.5, 68.0, 224.5)
[09:43:19] [Server thread/INFO]: palang joined the game
[09:48:12] [Server thread/INFO]: junyoung[/192.168.86.66:60554] logged in with entity id 1332 at (-55.5, 71.0, 217.5)
[09:48:12] [Server thread/INFO]: junyoung joined the game
[09:48:16] [Server thread/INFO]: junyoung lost connection: Disconnected
[09:48:16] [Server thread/INFO]: junyoung left the game
[09:48:48] [Server thread/INFO]: palang was slain by Drowned
[09:48:52] [Server thread/INFO]: expsample_suha was slain by Drowned
[09:49:10] [Server thread/INFO]: expsample_suha has made the advancement [Monster Hunter]
[09:49:16] [Server thread/INFO]: expsample_suha was shot by Skeleton
[09:49:17] [Server thread/WARN]: expsample_suha moved too quickly! 43.26170129411942,9.0,-14.784146868684672
[09:49:48] [Server thread/INFO]: palang has made the advancement [Monster Hunter]
[09:52:36] [Server thread/INFO]: expsample_suha has made the advancement [Stone Age]
[10:00:47] [Server thread/INFO]: palang fell from a high place
[10:00:54] [Server thread/INFO]: expsample_suha fell from a high place
[10:00:58] [Server thread/WARN]: palang moved too quickly! 22.99535857151342,2.0,-22.01249998807907
[10:02:51] [Server thread/INFO]: expsample_suha fell from a high place
[10:04:23] [Server thread/INFO]: palang fell from a high place
[10:09:03] [Server thread/INFO]: expsample_suha fell from a high place
[10:09:05] [Server thread/WARN]: expsample_suha moved too quickly! 21.19999998807907,-1.0,-16.837103113954157
[10:12:07] [Server thread/INFO]: expsample_suha fell from a high place
[10:12:08] [Server thread/WARN]: expsample_suha moved too quickly! 45.00119679805856,4.0,-12.361649059541406
[10:15:46] [Server thread/INFO]: palang has made the advancement [Stone Age]
[10:19:50] [Server thread/INFO]: palang fell from a high place
[10:20:10] [Server thread/WARN]: palang moved too quickly! 41.13130220882546,6.0,-9.152842237760808
[10:21:12] [Server thread/INFO]: expsample_suha has made the advancement [A Seedy Place]
[10:22:32] [Server thread/INFO]: expsample_suha fell from a high place
[10:22:36] [Server thread/WARN]: expsample_suha moved too quickly! 18.19999998807907,2.0,-22.538761032837215
[10:22:56] [Server thread/INFO]: palang was slain by expsample_suha
[10:24:49] [Server thread/INFO]: junyoung[/192.168.86.66:60572] logged in with entity id 6432 at (-55.5, 71.0, 217.5)
[10:24:49] [Server thread/INFO]: junyoung joined the game
[10:30:35] [Server thread/INFO]: expsample_suha was shot by Skeleton
[10:30:37] [Server thread/WARN]: expsample_suha moved too quickly! 35.50901121925189,3.0,-29.504003281139205
[10:31:16] [Server thread/INFO]: junyoung has made the advancement [Monster Hunter]
[10:46:00] [Server thread/INFO]: palang fell from a high place
[10:50:18] [Server thread/INFO]: expsample_suha has made the advancement [Getting an Upgrade]
[10:58:21] [Server thread/INFO]: expsample_suha was shot by Skeleton
[11:02:50] [Server thread/WARN]: Mismatch in destroy block pos: fk{x=-129, y=103, z=-142} fk{x=-129, y=104, z=-141}
[11:02:58] [Server thread/WARN]: Mismatch in destroy block pos: fk{x=-109, y=107, z=-138} fk{x=-111, y=108, z=-138}
[11:02:58] [Server thread/WARN]: Mismatch in destroy block pos: fk{x=-109, y=107, z=-138} fk{x=-111, y=108, z=-138}
[11:03:11] [Server thread/WARN]: Mismatch in destroy block pos: fk{x=-87, y=96, z=-144} fk{x=-86, y=96, z=-144}
[11:03:13] [Server thread/WARN]: Mismatch in destroy block pos: fk{x=-76, y=96, z=-147} fk{x=-76, y=95, z=-146}
[11:07:14] [Server thread/INFO]: palang fell from a high place
[11:07:28] [Server thread/WARN]: palang moved too quickly! 27.581516567356715,-1.0,-18.752275525866168
[11:07:41] [Server thread/INFO]: expsample_suha was shot by Skeleton
[11:09:05] [Server thread/INFO]: junyoung has made the advancement [Stone Age]
[11:09:58] [Server thread/INFO]: junyoung has made the advancement [Getting an Upgrade]
[11:13:59] [Server thread/WARN]: junyoung moved wrongly!
[11:14:24] [Server thread/INFO]: expsample_suha has made the advancement [Acquire Hardware]
[11:15:22] [Server thread/WARN]: junyoung moved wrongly!
[11:16:40] [Server thread/INFO]: palang fell from a high place
[11:17:36] [Server thread/INFO]: expsample_suha fell from a high place
[11:20:26] [Server thread/INFO]: palang fell from a high place
[11:21:44] [Server thread/WARN]: palang moved too quickly! 33.03441319457913,5.0,-30.237722464870785
[11:22:17] [Server thread/INFO]: palang was shot by Skeleton
[11:22:33] [Server thread/INFO]: expsample_suha has made the advancement [Hot Stuff]
[11:23:18] [Server thread/WARN]: junyoung moved wrongly!
[11:27:52] [Server thread/INFO]: palang fell off a ladder
[11:27:58] [Server thread/WARN]: palang moved too quickly! 29.5527851538657,3.0,-24.01249998807907
[11:31:31] [Server thread/INFO]: expsample_suha fell from a high place
[11:34:21] [Server thread/INFO]: palang was shot by Skeleton
[11:34:25] [Server thread/WARN]: palang moved too quickly! 23.197981923425672,4.0,-27.240917789956
[11:44:16] [Server thread/INFO]: palang was shot by Skeleton
[11:44:44] [Server thread/INFO]: expsample_suha was slain by Zombie
[11:47:42] [Server thread/INFO]: expsample_suha was shot by Skeleton
[11:47:43] [Server thread/WARN]: expsample_suha moved too quickly! -165.40466096625778,-2.0,-85.18399087518992
[11:48:55] [Server thread/INFO]: palang was slain by Zombie
[11:48:59] [Server thread/WARN]: palang moved too quickly! 19.754944679656177,-1.0,-12.537376122887167
[11:49:12] [Server thread/INFO]: expsample_suha was slain by Zombie
[11:49:13] [Server thread/WARN]: expsample_suha moved too quickly! 18.599613342793646,3.0,-27.532468166776
[11:49:53] [Server thread/INFO]: palang was slain by Zombie
[11:50:24] [Server thread/INFO]: palang was shot by Skeleton
[11:51:05] [Server thread/INFO]: palang was slain by Spider
[11:51:07] [Server thread/WARN]: palang moved too quickly! 36.19268151764906,2.0,-11.800000011920929
[11:56:21] [Server thread/INFO]: palang has made the advancement [Getting an Upgrade]
[12:13:31] [Server thread/INFO]: expsample_suha has made the advancement [Isn't It Iron Pick]
[12:16:24] [Server thread/INFO]: expsample_suha has made the advancement [Best Friends Forever]
[12:16:25] [Server thread/INFO]: palang was blown up by Creeper
[12:16:32] [Server thread/WARN]: palang moved too quickly! 116.19999998807907,21.0,-207.80000001192093
[12:18:49] [Server thread/INFO]: palang fell from a high place
[12:18:50] [Server thread/WARN]: palang moved too quickly! 29.426705363707327,5.0,-24.162036854894666
[12:25:49] [Server thread/INFO]: junyoung has made the advancement [Acquire Hardware]
[12:28:04] [Server thread/INFO]: expsample_suha has made the advancement [Diamonds!]
[12:28:08] [Server thread/INFO]: palang has made the advancement [Diamonds!]
[12:30:04] [Server thread/INFO]: junyoung was shot by Skeleton
[12:33:04] [Server thread/INFO]: expsample_suha has made the advancement [Ice Bucket Challenge]
[12:33:44] [Server thread/INFO]: junyoung was shot by Skeleton
[12:35:12] [Server thread/INFO]: palang was shot by Skeleton
[12:43:36] [Server thread/INFO]: palang hit the ground too hard
[13:02:08] [Server thread/INFO]: expsample_suha lost connection: Disconnected
[13:02:08] [Server thread/INFO]: expsample_suha left the game
[13:03:55] [Server thread/INFO]: expsample_suha[/192.168.86.43:52345] logged in with entity id 47832 at (-80.15206183356625, 67.9375, 238.7493901631951)
[13:03:55] [Server thread/INFO]: expsample_suha joined the game
[13:07:04] [Server thread/INFO]: junyoung was blown up by Creeper
[13:07:42] [Server thread/INFO]: junyoung has made the advancement [A Seedy Place]
[13:10:58] [Server thread/INFO]: expsample_suha was blown up by Creeper
[13:10:59] [Server thread/WARN]: expsample_suha moved too quickly! 16.206043819133583,2.0,-47.157707945114964
[13:14:52] [Server thread/INFO]: junyoung lost connection: Disconnected
[13:14:52] [Server thread/INFO]: junyoung left the game
[13:15:14] [Server thread/INFO]: palang lost connection: Disconnected
[13:15:14] [Server thread/INFO]: palang left the game
[13:16:05] [Server thread/INFO]: expsample_suha lost connection: Disconnected
[13:16:05] [Server thread/INFO]: expsample_suha left the game
[13:16:34] [Server thread/INFO]: Stopping server
[13:16:34] [Server thread/INFO]: Saving players
[13:16:34] [Server thread/INFO]: Saving worlds
[13:16:34] [Server thread/INFO]: Saving chunks for level 'world'/minecraft:overworld
[13:16:34] [Server thread/INFO]: ThreadedAnvilChunkStorage (world): All chunks are saved
[13:16:34] [Server thread/INFO]: Saving chunks for level 'world'/minecraft:the_end
[13:16:34] [Server thread/INFO]: ThreadedAnvilChunkStorage (DIM1): All chunks are saved
[13:16:34] [Server thread/INFO]: Saving chunks for level 'world'/minecraft:the_nether
[13:16:34] [Server thread/INFO]: ThreadedAnvilChunkStorage (DIM-1): All chunks are saved
[13:16:34] [Server thread/INFO]: ThreadedAnvilChunkStorage (world): All chunks are saved
[13:16:34] [Server thread/INFO]: ThreadedAnvilChunkStorage (DIM1): All chunks are saved
[13:16:34] [Server thread/INFO]: ThreadedAnvilChunkStorage (DIM-1): All chunks are saved
