[18:26:44] [Server thread/INFO]: Starting minecraft server version 1.12.2
[18:26:44] [Server thread/INFO]: Loading properties
[18:26:44] [Server thread/INFO]: Default game type: SURVIVAL
[18:26:44] [Server thread/INFO]: Generating keypair
[18:26:44] [Server thread/INFO]: Starting Minecraft server on *:25565
[18:26:44] [Server thread/INFO]: Using default channel type
[18:26:44] [Server thread/WARN]: **** SERVER IS RUNNING IN OFFLINE/INSECURE MODE!
[18:26:44] [Server thread/WARN]: The server will make no attempt to authenticate usernames. Beware.
[18:26:44] [Server thread/WARN]: While this makes the game possible to play without internet access, it also opens up the ability for hackers to connect with any username they choose.
[18:26:44] [Server thread/WARN]: To change this, set "online-mode" to "true" in the server.properties file.
[18:26:44] [Server thread/INFO]: Preparing level "world"
[18:26:44] [Server thread/INFO]: Loaded 488 advancements
[18:26:44] [Server thread/INFO]: Preparing start region for level 0
[18:26:45] [Server thread/WARN]: Keeping entity minecraft:pig that already exists with UUID 8ef76de9-1ab5-493e-88b8-fa6b8a21c7d9
[18:26:45] [Server thread/WARN]: Keeping entity minecraft:pig that already exists with UUID 0a600fc8-4ffe-4310-82af-d0e4845955fc
[18:26:45] [Server thread/INFO]: Preparing spawn area: 88%
[18:26:45] [Server thread/INFO]: Done (1.361s)! For help, type "help" or "?"
[18:26:48] [Server thread/INFO]: expsample[/192.168.0.9:4452] logged in with entity id 247 at (78.46000589397194, 74.0, 56.338321243222936)
[18:26:48] [Server thread/INFO]: expsample joined the game
[18:26:53] [Server thread/INFO]: expsample lost connection: Disconnected
[18:26:53] [Server thread/INFO]: expsample left the game
[18:26:58] [Server thread/INFO]: Unknown command. Try /help for a list of commands
[18:26:58] [Server thread/INFO]: Unknown command. Try /help for a list of commands
[18:26:58] [Server thread/INFO]: Unknown command. Try /help for a list of commands
[18:26:59] [Server Shutdown Thread/INFO]: Stopping server
[18:26:59] [Server Shutdown Thread/INFO]: Saving players
