[14:01:25] [main/WARN]: Ambiguity between arguments [teleport, destination] and [teleport, targets] with inputs: [Player, 0123, @e, dd12be42-52a9-4a91-a8a1-11c01849e498]
[14:01:25] [main/WARN]: Ambiguity between arguments [teleport, location] and [teleport, destination] with inputs: [0.1 -0.5 .9, 0 0 0]
[14:01:25] [main/WARN]: Ambiguity between arguments [teleport, location] and [teleport, targets] with inputs: [0.1 -0.5 .9, 0 0 0]
[14:01:25] [main/WARN]: Ambiguity between arguments [teleport, targets] and [teleport, destination] with inputs: [Player, 0123, dd12be42-52a9-4a91-a8a1-11c01849e498]
[14:01:25] [main/WARN]: Ambiguity between arguments [teleport, targets, location] and [teleport, targets, destination] with inputs: [0.1 -0.5 .9, 0 0 0]
[14:01:25] [Server thread/INFO]: Starting minecraft server version 1.14.4
[14:01:25] [Server thread/INFO]: Loading properties
[14:01:25] [Server thread/INFO]: Default game type: SURVIVAL
[14:01:25] [Server thread/INFO]: Generating keypair
[14:01:26] [Server thread/INFO]: Starting Minecraft server on *:25565
[14:01:26] [Server thread/INFO]: Using epoll channel type
[14:01:26] [Server thread/WARN]: **** SERVER IS RUNNING IN OFFLINE/INSECURE MODE!
[14:01:26] [Server thread/WARN]: The server will make no attempt to authenticate usernames. Beware.
[14:01:26] [Server thread/WARN]: While this makes the game possible to play without internet access, it also opens up the ability for hackers to connect with any username they choose.
[14:01:26] [Server thread/WARN]: To change this, set "online-mode" to "true" in the server.properties file.
[14:01:26] [Server thread/INFO]: Preparing level "world"
[14:01:26] [Server thread/INFO]: Reloading ResourceManager: Default
[14:01:26] [Server thread/INFO]: Loaded 6 recipes
[14:01:27] [Server thread/INFO]: Loaded 811 advancements
[14:01:27] [Server thread/INFO]: Preparing start region for dimension minecraft:overworld
[14:01:28] [Server thread/INFO]: Preparing spawn area: 0%
[14:01:28] [Server thread/INFO]: Preparing spawn area: 0%
[14:01:28] [Server thread/INFO]: Preparing spawn area: 2%
[14:01:29] [Server-Worker-1/INFO]: Preparing spawn area: 83%
[14:01:29] [Server-Worker-6/INFO]: Preparing spawn area: 83%
[14:01:29] [Server-Worker-4/INFO]: Preparing spawn area: 83%
[14:01:30] [Server-Worker-5/INFO]: Preparing spawn area: 83%
[14:01:30] [Server-Worker-2/INFO]: Preparing spawn area: 93%
[14:01:31] [Server thread/INFO]: Time elapsed: 3750 ms
[14:01:31] [Server thread/INFO]: Done (4.861s)! For help, type "help"
[14:02:39] [Server thread/INFO]: expsample2[/192.168.86.51:10748] logged in with entity id 91 at (138.97364821466778, 70.0, 200.19373699326252)
[14:02:39] [Server thread/INFO]: expsample2 joined the game
[14:02:47] [Server thread/INFO]: expsample2 lost connection: Disconnected
[14:02:47] [Server thread/INFO]: expsample2 left the game
