[11:50:22] [main/WARN]: Ambiguity between arguments [teleport, destination] and [teleport, targets] with inputs: [Player, 0123, @e, dd12be42-52a9-4a91-a8a1-11c01849e498]
[11:50:22] [main/WARN]: Ambiguity between arguments [teleport, location] and [teleport, destination] with inputs: [0.1 -0.5 .9, 0 0 0]
[11:50:22] [main/WARN]: Ambiguity between arguments [teleport, location] and [teleport, targets] with inputs: [0.1 -0.5 .9, 0 0 0]
[11:50:22] [main/WARN]: Ambiguity between arguments [teleport, targets] and [teleport, destination] with inputs: [Player, 0123, dd12be42-52a9-4a91-a8a1-11c01849e498]
[11:50:22] [main/WARN]: Ambiguity between arguments [teleport, targets, location] and [teleport, targets, destination] with inputs: [0.1 -0.5 .9, 0 0 0]
[11:50:22] [Server thread/INFO]: Starting minecraft server version 1.14.4
[11:50:22] [Server thread/INFO]: Loading properties
[11:50:22] [Server thread/INFO]: Default game type: SURVIVAL
[11:50:22] [Server thread/INFO]: Generating keypair
[11:50:23] [Server thread/INFO]: Starting Minecraft server on *:25565
[11:50:23] [Server thread/INFO]: Using epoll channel type
[11:50:23] [Server thread/WARN]: **** SERVER IS RUNNING IN OFFLINE/INSECURE MODE!
[11:50:23] [Server thread/WARN]: The server will make no attempt to authenticate usernames. Beware.
[11:50:23] [Server thread/WARN]: While this makes the game possible to play without internet access, it also opens up the ability for hackers to connect with any username they choose.
[11:50:23] [Server thread/WARN]: To change this, set "online-mode" to "true" in the server.properties file.
[11:50:23] [Server thread/INFO]: Preparing level "world"
[11:50:23] [Server thread/INFO]: Reloading ResourceManager: Default
[11:50:23] [Server thread/INFO]: Loaded 6 recipes
[11:50:23] [Server thread/INFO]: Loaded 811 advancements
[11:50:24] [Server thread/INFO]: Preparing start region for dimension minecraft:overworld
[11:50:25] [Server thread/INFO]: Preparing spawn area: 0%
[11:50:25] [Server thread/INFO]: Preparing spawn area: 0%
[11:50:25] [Server thread/INFO]: Preparing spawn area: 2%
[11:50:26] [Server-Worker-5/INFO]: Preparing spawn area: 83%
[11:50:26] [Server-Worker-5/INFO]: Preparing spawn area: 83%
[11:50:26] [Server-Worker-5/INFO]: Preparing spawn area: 83%
[11:50:27] [Server-Worker-2/INFO]: Preparing spawn area: 86%
[11:50:27] [Server thread/INFO]: Time elapsed: 3465 ms
[11:50:27] [Server thread/INFO]: Done (4.529s)! For help, type "help"
[11:50:27] [Server thread/INFO]: Starting GS4 status listener
[11:50:27] [Query Listener #1/INFO]: Query running on 0.0.0.0:25565
[11:50:47] [Server thread/INFO]: expsample[/192.168.86.43:52442] logged in with entity id 149 at (-53.5, 64.0, -68.5)
[11:50:47] [Server thread/INFO]: expsample joined the game
[11:51:56] [Server thread/INFO]: expsample2[/192.168.86.53:4528] logged in with entity id 467 at (-62.5, 67.0, -63.5)
[11:51:56] [Server thread/INFO]: expsample2 joined the game
[11:54:29] [Server thread/INFO]: <expsample> l
[11:57:47] [Server thread/INFO]: expsample has made the advancement [Stone Age]
[12:00:54] [Server thread/INFO]: expsample has made the advancement [Acquire Hardware]
[12:04:20] [Server thread/INFO]: expsample has made the advancement [Getting an Upgrade]
[12:04:27] [Server thread/INFO]: expsample2 has made the advancement [Getting an Upgrade]
[12:04:35] [Server thread/INFO]: expsample2 has made the advancement [Stone Age]
[12:10:24] [Server thread/INFO]: expsample has made the advancement [Monster Hunter]
[12:10:41] [Server thread/INFO]: expsample2 has made the advancement [Monster Hunter]
[12:11:35] [Server thread/INFO]: expsample was shot by Skeleton
[12:20:09] [Server thread/INFO]: expsample has made the advancement [Fishy Business]
[12:22:06] [Server thread/INFO]: expsample2 has made the advancement [Sweet Dreams]
[12:22:07] [Server thread/INFO]: expsample has made the advancement [Sweet Dreams]
[12:25:52] [Server thread/INFO]: expsample lost connection: Disconnected
[12:25:52] [Server thread/INFO]: expsample left the game
[12:26:00] [Server thread/INFO]: expsample2 lost connection: Disconnected
[12:26:00] [Server thread/INFO]: expsample2 left the game
